TN:
SF:src/server.js
FN:53,(anonymous_0)
FN:64,(anonymous_1)
FNF:2
FNH:0
FNDA:0,(anonymous_0)
FNDA:0,(anonymous_1)
DA:13,0
DA:15,0
DA:16,0
DA:19,0
DA:20,0
DA:23,0
DA:26,0
DA:32,0
DA:35,0
DA:47,0
DA:50,0
DA:53,0
DA:54,0
DA:55,0
DA:56,0
DA:59,0
DA:60,0
DA:61,0
DA:64,0
DA:65,0
DA:66,0
DA:71,0
DA:72,0
DA:76,0
LF:24
LH:0
BRDA:16,0,0,0
BRDA:16,0,1,0
BRDA:59,1,0,0
BRDA:59,1,1,0
BRF:4
BRH:0
end_of_record
TN:
SF:src/constants/index.js
FNF:0
FNH:0
DA:1,0
DA:11,0
DA:16,0
DA:21,0
DA:28,0
DA:36,0
DA:42,0
LF:7
LH:0
BRF:0
BRH:0
end_of_record
TN:
SF:src/controllers/auth.controller.js
FN:12,(anonymous_0)
FN:22,(anonymous_1)
FNF:2
FNH:0
FNDA:0,(anonymous_0)
FNDA:0,(anonymous_1)
DA:9,0
DA:12,0
DA:13,0
DA:14,0
DA:15,0
DA:18,0
DA:19,0
DA:22,0
DA:23,0
DA:24,0
DA:25,0
DA:28,0
DA:29,0
LF:13
LH:0
BRDA:14,0,0,0
BRDA:14,0,1,0
BRDA:24,1,0,0
BRDA:24,1,1,0
BRF:4
BRH:0
end_of_record
TN:
SF:src/controllers/balance.controller.js
FN:9,(anonymous_0)
FN:27,(anonymous_1)
FN:45,(anonymous_2)
FN:60,(anonymous_3)
FNF:4
FNH:0
FNDA:0,(anonymous_0)
FNDA:0,(anonymous_1)
FNDA:0,(anonymous_2)
FNDA:0,(anonymous_3)
DA:5,0
DA:9,0
DA:10,0
DA:11,0
DA:13,0
DA:14,0
DA:17,0
DA:23,0
DA:27,0
DA:28,0
DA:29,0
DA:31,0
DA:32,0
DA:35,0
DA:41,0
DA:45,0
DA:46,0
DA:47,0
DA:49,0
DA:56,0
DA:60,0
DA:61,0
DA:62,0
DA:63,0
LF:24
LH:0
BRDA:13,0,0,0
BRDA:13,0,1,0
BRDA:13,1,0,0
BRDA:13,1,1,0
BRDA:31,2,0,0
BRDA:31,2,1,0
BRDA:31,3,0,0
BRDA:31,3,1,0
BRDA:47,4,0,0
BRDA:47,5,0,0
BRF:10
BRH:0
end_of_record
TN:
SF:src/controllers/device.controller.js
FN:9,(anonymous_0)
FN:22,(anonymous_1)
FN:31,(anonymous_2)
FN:45,(anonymous_3)
FN:59,(anonymous_4)
FN:68,(anonymous_5)
FNF:6
FNH:0
FNDA:0,(anonymous_0)
FNDA:0,(anonymous_1)
FNDA:0,(anonymous_2)
FNDA:0,(anonymous_3)
FNDA:0,(anonymous_4)
FNDA:0,(anonymous_5)
DA:5,0
DA:9,0
DA:10,0
DA:11,0
DA:13,0
DA:18,0
DA:22,0
DA:23,0
DA:24,0
DA:26,0
DA:27,0
DA:31,0
DA:32,0
DA:33,0
DA:34,0
DA:36,0
DA:41,0
DA:45,0
DA:46,0
DA:47,0
DA:48,0
DA:50,0
DA:55,0
DA:59,0
DA:60,0
DA:61,0
DA:63,0
DA:64,0
DA:68,0
DA:69,0
DA:70,0
DA:72,0
DA:73,0
LF:33
LH:0
BRF:0
BRH:0
end_of_record
TN:
SF:src/controllers/instagram-account.controller.js
FN:9,(anonymous_0)
FN:22,(anonymous_1)
FN:29,(anonymous_2)
FN:41,(anonymous_3)
FN:55,(anonymous_4)
FN:64,(anonymous_5)
FNF:6
FNH:0
FNDA:0,(anonymous_0)
FNDA:0,(anonymous_1)
FNDA:0,(anonymous_2)
FNDA:0,(anonymous_3)
FNDA:0,(anonymous_4)
FNDA:0,(anonymous_5)
DA:5,0
DA:9,0
DA:10,0
DA:11,0
DA:13,0
DA:18,0
DA:22,0
DA:23,0
DA:24,0
DA:25,0
DA:29,0
DA:30,0
DA:31,0
DA:33,0
DA:37,0
DA:41,0
DA:42,0
DA:43,0
DA:44,0
DA:46,0
DA:51,0
DA:55,0
DA:56,0
DA:57,0
DA:59,0
DA:60,0
DA:64,0
DA:65,0
DA:66,0
DA:68,0
DA:72,0
LF:31
LH:0
BRF:0
BRH:0
end_of_record
TN:
SF:src/controllers/order.controller.js
FN:13,(anonymous_0)
FN:25,(anonymous_1)
FN:59,(anonymous_2)
FN:68,(anonymous_3)
FN:75,(anonymous_4)
FN:82,(anonymous_5)
FN:94,(anonymous_6)
FNF:7
FNH:0
FNDA:0,(anonymous_0)
FNDA:0,(anonymous_1)
FNDA:0,(anonymous_2)
FNDA:0,(anonymous_3)
FNDA:0,(anonymous_4)
FNDA:0,(anonymous_5)
FNDA:0,(anonymous_6)
DA:9,0
DA:13,0
DA:14,0
DA:15,0
DA:17,0
DA:21,0
DA:25,0
DA:26,0
DA:37,0
DA:39,0
DA:47,0
DA:55,0
DA:59,0
DA:60,0
DA:61,0
DA:63,0
DA:64,0
DA:68,0
DA:69,0
DA:70,0
DA:71,0
DA:75,0
DA:76,0
DA:77,0
DA:78,0
DA:82,0
DA:83,0
DA:84,0
DA:85,0
DA:90,0
DA:94,0
DA:95,0
DA:96,0
DA:97,0
DA:98,0
LF:35
LH:0
BRDA:15,0,0,0
BRDA:33,1,0,0
BRDA:34,2,0,0
BRDA:35,3,0,0
BRDA:36,4,0,0
BRF:5
BRH:0
end_of_record
TN:
SF:src/controllers/social-account.controller.js
FN:9,(anonymous_0)
FN:23,(anonymous_1)
FN:34,(anonymous_2)
FN:46,(anonymous_3)
FN:60,(anonymous_4)
FN:69,(anonymous_5)
FNF:6
FNH:0
FNDA:0,(anonymous_0)
FNDA:0,(anonymous_1)
FNDA:0,(anonymous_2)
FNDA:0,(anonymous_3)
FNDA:0,(anonymous_4)
FNDA:0,(anonymous_5)
DA:5,0
DA:9,0
DA:10,0
DA:11,0
DA:13,0
DA:19,0
DA:23,0
DA:24,0
DA:25,0
DA:27,0
DA:30,0
DA:34,0
DA:35,0
DA:36,0
DA:38,0
DA:42,0
DA:46,0
DA:47,0
DA:48,0
DA:49,0
DA:51,0
DA:56,0
DA:60,0
DA:61,0
DA:62,0
DA:64,0
DA:65,0
DA:69,0
DA:70,0
DA:71,0
DA:73,0
DA:74,0
LF:32
LH:0
BRF:0
BRH:0
end_of_record
TN:
SF:src/controllers/task.controller.js
FN:9,(anonymous_0)
FN:24,(anonymous_1)
FN:33,(anonymous_2)
FN:43,(anonymous_3)
FNF:4
FNH:0
FNDA:0,(anonymous_0)
FNDA:0,(anonymous_1)
FNDA:0,(anonymous_2)
FNDA:0,(anonymous_3)
DA:5,0
DA:9,0
DA:10,0
DA:11,0
DA:13,0
DA:20,0
DA:24,0
DA:25,0
DA:26,0
DA:28,0
DA:29,0
DA:33,0
DA:34,0
DA:35,0
DA:36,0
DA:38,0
DA:39,0
DA:43,0
DA:44,0
DA:45,0
DA:47,0
DA:48,0
LF:22
LH:0
BRDA:11,0,0,0
BRDA:11,1,0,0
BRF:2
BRH:0
end_of_record
TN:
SF:src/controllers/user.controller.js
FN:9,(anonymous_0)
FN:16,(anonymous_1)
FN:30,(anonymous_2)
FN:39,(anonymous_3)
FN:52,(anonymous_4)
FN:59,(anonymous_5)
FNF:6
FNH:0
FNDA:0,(anonymous_0)
FNDA:0,(anonymous_1)
FNDA:0,(anonymous_2)
FNDA:0,(anonymous_3)
FNDA:0,(anonymous_4)
FNDA:0,(anonymous_5)
DA:5,0
DA:9,0
DA:10,0
DA:11,0
DA:12,0
DA:16,0
DA:17,0
DA:18,0
DA:20,0
DA:26,0
DA:30,0
DA:31,0
DA:32,0
DA:34,0
DA:35,0
DA:39,0
DA:40,0
DA:41,0
DA:43,0
DA:44,0
DA:47,0
DA:48,0
DA:52,0
DA:53,0
DA:54,0
DA:55,0
DA:59,0
DA:60,0
DA:61,0
DA:63,0
DA:69,0
LF:31
LH:0
BRDA:43,0,0,0
BRDA:43,0,1,0
BRF:2
BRH:0
end_of_record
TN:
SF:src/services/activity.service.js
FN:4,(anonymous_0)
FN:17,(anonymous_1)
FN:38,(anonymous_2)
FNF:3
FNH:0
FNDA:0,(anonymous_0)
FNDA:0,(anonymous_1)
FNDA:0,(anonymous_2)
DA:5,0
DA:14,0
DA:18,0
DA:19,0
DA:21,0
DA:28,0
DA:39,0
DA:45,0
LF:8
LH:0
BRDA:4,0,0,0
BRDA:4,1,0,0
BRDA:17,2,0,0
BRDA:17,3,0,0
BRDA:19,4,0,0
BRDA:19,4,1,0
BRDA:38,5,0,0
BRF:7
BRH:0
end_of_record
TN:
SF:src/services/auth.service.js
FN:7,(anonymous_0)
FN:27,(anonymous_1)
FN:46,(anonymous_2)
FN:54,(anonymous_3)
FNF:4
FNH:0
FNDA:0,(anonymous_0)
FNDA:0,(anonymous_1)
FNDA:0,(anonymous_2)
FNDA:0,(anonymous_3)
DA:8,0
DA:14,0
DA:15,0
DA:18,0
DA:19,0
DA:21,0
DA:28,0
DA:29,0
DA:30,0
DA:33,0
DA:34,0
DA:35,0
DA:38,0
DA:40,0
DA:47,0
DA:55,0
LF:16
LH:0
BRDA:14,0,0,0
BRDA:14,0,1,0
BRDA:29,1,0,0
BRDA:29,1,1,0
BRDA:34,2,0,0
BRDA:34,2,1,0
BRF:6
BRH:0
end_of_record
TN:
SF:src/services/balance.service.js
FN:7,(anonymous_0)
FN:43,(anonymous_1)
FN:83,(anonymous_2)
FN:118,(anonymous_3)
FN:161,(anonymous_4)
FN:185,(anonymous_5)
FNF:6
FNH:0
FNDA:0,(anonymous_0)
FNDA:0,(anonymous_1)
FNDA:0,(anonymous_2)
FNDA:0,(anonymous_3)
FNDA:0,(anonymous_4)
FNDA:0,(anonymous_5)
DA:8,0
DA:10,0
DA:11,0
DA:12,0
DA:13,0
DA:16,0
DA:28,0
DA:29,0
DA:35,0
DA:36,0
DA:38,0
DA:39,0
DA:44,0
DA:46,0
DA:47,0
DA:48,0
DA:49,0
DA:52,0
DA:53,0
DA:57,0
DA:70,0
DA:75,0
DA:76,0
DA:78,0
DA:79,0
DA:84,0
DA:86,0
DA:87,0
DA:90,0
DA:91,0
DA:94,0
DA:95,0
DA:98,0
DA:99,0
DA:103,0
DA:110,0
DA:111,0
DA:113,0
DA:114,0
DA:119,0
DA:121,0
DA:122,0
DA:127,0
DA:128,0
DA:131,0
DA:132,0
DA:135,0
DA:136,0
DA:140,0
DA:146,0
DA:153,0
DA:154,0
DA:156,0
DA:157,0
DA:162,0
DA:163,0
DA:164,0
DA:166,0
DA:168,0
DA:175,0
DA:186,0
DA:187,0
DA:188,0
DA:190,0
LF:64
LH:0
BRDA:7,0,0,0
BRDA:12,1,0,0
BRDA:12,1,1,0
BRDA:23,2,0,0
BRDA:23,2,1,0
BRDA:28,3,0,0
BRDA:28,3,1,0
BRDA:43,4,0,0
BRDA:48,5,0,0
BRDA:48,5,1,0
BRDA:52,6,0,0
BRDA:52,6,1,0
BRDA:90,7,0,0
BRDA:90,7,1,0
BRDA:94,8,0,0
BRDA:94,8,1,0
BRDA:98,9,0,0
BRDA:98,9,1,0
BRDA:127,10,0,0
BRDA:127,10,1,0
BRDA:131,11,0,0
BRDA:131,11,1,0
BRDA:135,12,0,0
BRDA:135,12,1,0
BRDA:161,13,0,0
BRDA:161,14,0,0
BRDA:163,15,0,0
BRDA:163,15,1,0
BRDA:164,16,0,0
BRDA:164,16,1,0
BRDA:187,17,0,0
BRDA:187,17,1,0
BRF:32
BRH:0
end_of_record
TN:
SF:src/services/dispute.service.js
FN:7,(anonymous_0)
FN:25,(anonymous_1)
FN:37,(anonymous_2)
FN:48,(anonymous_3)
FN:69,(anonymous_4)
FNF:5
FNH:0
FNDA:0,(anonymous_0)
FNDA:0,(anonymous_1)
FNDA:0,(anonymous_2)
FNDA:0,(anonymous_3)
FNDA:0,(anonymous_4)
DA:8,0
DA:17,0
DA:22,0
DA:26,0
DA:30,0
DA:31,0
DA:34,0
DA:38,0
DA:40,0
DA:41,0
DA:44,0
DA:45,0
DA:49,0
DA:50,0
DA:51,0
DA:54,0
DA:61,0
DA:66,0
DA:70,0
DA:71,0
DA:73,0
DA:80,0
LF:22
LH:0
BRDA:30,0,0,0
BRDA:30,0,1,0
BRDA:40,1,0,0
BRDA:40,1,1,0
BRDA:50,2,0,0
BRDA:50,2,1,0
BRDA:69,3,0,0
BRDA:69,4,0,0
BRDA:71,5,0,0
BRDA:71,5,1,0
BRF:10
BRH:0
end_of_record
TN:
SF:src/services/instagram-account.service.js
FN:7,(anonymous_0)
FN:49,(anonymous_1)
FN:58,(anonymous_2)
FN:70,(anonymous_3)
FN:89,(anonymous_4)
FN:110,(anonymous_5)
FN:122,(anonymous_6)
FNF:7
FNH:0
FNDA:0,(anonymous_0)
FNDA:0,(anonymous_1)
FNDA:0,(anonymous_2)
FNDA:0,(anonymous_3)
FNDA:0,(anonymous_4)
FNDA:0,(anonymous_5)
FNDA:0,(anonymous_6)
DA:8,0
DA:12,0
DA:13,0
DA:17,0
DA:18,0
DA:20,0
DA:45,0
DA:46,0
DA:50,0
DA:57,0
DA:59,0
DA:60,0
DA:67,0
DA:71,0
DA:76,0
DA:77,0
DA:81,0
DA:83,0
DA:90,0
DA:94,0
DA:95,0
DA:98,0
DA:106,0
DA:107,0
DA:111,0
DA:115,0
DA:116,0
DA:119,0
DA:123,0
DA:127,0
DA:128,0
DA:132,0
DA:133,0
DA:135,0
DA:165,0
LF:35
LH:0
BRDA:12,0,0,0
BRDA:12,0,1,0
BRDA:76,1,0,0
BRDA:76,1,1,0
BRDA:94,2,0,0
BRDA:94,2,1,0
BRDA:115,3,0,0
BRDA:115,3,1,0
BRDA:127,4,0,0
BRDA:127,4,1,0
BRDA:167,5,0,0
BRDA:167,5,1,0
BRDA:169,6,0,0
BRDA:169,6,1,0
BRF:14
BRH:0
end_of_record
TN:
SF:src/services/instagram-management.service.js
FN:12,(anonymous_0)
FN:54,(anonymous_1)
FN:92,(anonymous_2)
FN:104,(anonymous_3)
FN:147,(anonymous_4)
FNF:5
FNH:0
FNDA:0,(anonymous_0)
FNDA:0,(anonymous_1)
FNDA:0,(anonymous_2)
FNDA:0,(anonymous_3)
FNDA:0,(anonymous_4)
DA:13,0
DA:17,0
DA:18,0
DA:21,0
DA:23,0
DA:25,0
DA:36,0
DA:43,0
DA:46,0
DA:47,0
DA:49,0
DA:50,0
DA:55,0
DA:59,0
DA:60,0
DA:63,0
DA:65,0
DA:66,0
DA:73,0
DA:74,0
DA:77,0
DA:80,0
DA:81,0
DA:82,0
DA:85,0
DA:88,0
DA:89,0
DA:93,0
DA:97,0
DA:98,0
DA:101,0
DA:105,0
DA:122,0
DA:123,0
DA:127,0
DA:141,0
DA:148,0
DA:152,0
DA:153,0
DA:157,0
DA:170,0
DA:177,0
LF:42
LH:0
BRDA:17,0,0,0
BRDA:17,0,1,0
BRDA:59,1,0,0
BRDA:59,1,1,0
BRDA:65,2,0,0
BRDA:65,2,1,0
BRDA:73,3,0,0
BRDA:73,3,1,0
BRDA:80,4,0,0
BRDA:80,4,1,0
BRDA:97,5,0,0
BRDA:97,5,1,0
BRDA:122,6,0,0
BRDA:122,6,1,0
BRDA:152,7,0,0
BRDA:152,7,1,0
BRF:16
BRH:0
end_of_record
TN:
SF:src/services/order.service.js
FN:11,(anonymous_0)
FN:15,(anonymous_1)
FN:62,(anonymous_2)
FN:70,(anonymous_3)
FN:88,(anonymous_4)
FN:170,(anonymous_5)
FN:181,(anonymous_6)
FN:192,(anonymous_7)
FN:233,(anonymous_8)
FN:246,(anonymous_9)
FN:248,(anonymous_10)
FN:267,(anonymous_11)
FN:313,(anonymous_12)
FN:348,(anonymous_13)
FN:361,(anonymous_14)
FNF:15
FNH:0
FNDA:0,(anonymous_0)
FNDA:0,(anonymous_1)
FNDA:0,(anonymous_2)
FNDA:0,(anonymous_3)
FNDA:0,(anonymous_4)
FNDA:0,(anonymous_5)
FNDA:0,(anonymous_6)
FNDA:0,(anonymous_7)
FNDA:0,(anonymous_8)
FNDA:0,(anonymous_9)
FNDA:0,(anonymous_10)
FNDA:0,(anonymous_11)
FNDA:0,(anonymous_12)
FNDA:0,(anonymous_13)
FNDA:0,(anonymous_14)
DA:12,0
DA:25,0
DA:27,0
DA:28,0
DA:29,0
DA:30,0
DA:31,0
DA:32,0
DA:33,0
DA:39,0
DA:52,0
DA:63,0
DA:67,0
DA:71,0
DA:81,0
DA:82,0
DA:85,0
DA:89,0
DA:91,0
DA:92,0
DA:93,0
DA:94,0
DA:98,0
DA:101,0
DA:102,0
DA:106,0
DA:118,0
DA:133,0
DA:151,0
DA:157,0
DA:162,0
DA:163,0
DA:165,0
DA:166,0
DA:171,0
DA:173,0
DA:174,0
DA:175,0
DA:176,0
DA:180,0
DA:181,0
DA:186,0
DA:187,0
DA:191,0
DA:193,0
DA:205,0
DA:219,0
DA:224,0
DA:233,0
DA:240,0
DA:246,0
DA:247,0
DA:249,0
DA:256,0
DA:257,0
DA:262,0
DA:263,0
DA:269,0
DA:271,0
DA:272,0
DA:274,0
DA:275,0
DA:277,0
DA:278,0
DA:280,0
DA:281,0
DA:283,0
DA:284,0
DA:286,0
DA:289,0
DA:292,0
DA:293,0
DA:294,0
DA:295,0
DA:296,0
DA:297,0
DA:301,0
DA:303,0
DA:304,0
DA:306,0
DA:307,0
DA:310,0
DA:316,0
DA:318,0
DA:319,0
DA:321,0
DA:322,0
DA:324,0
DA:325,0
DA:327,0
DA:328,0
DA:330,0
DA:331,0
DA:333,0
DA:337,0
DA:338,0
DA:339,0
DA:340,0
DA:341,0
DA:342,0
DA:345,0
DA:350,0
DA:358,0
DA:362,0
DA:364,0
DA:365,0
DA:369,0
DA:370,0
DA:373,0
DA:381,0
DA:382,0
DA:383,0
DA:387,0
DA:390,0
DA:391,0
DA:395,0
DA:407,0
DA:422,0
DA:442,0
DA:448,0
DA:453,0
DA:454,0
DA:456,0
DA:457,0
LF:124
LH:0
BRDA:17,0,0,0
BRDA:18,1,0,0
BRDA:19,2,0,0
BRDA:20,3,0,0
BRDA:21,4,0,0
BRDA:22,5,0,0
BRDA:27,6,0,0
BRDA:27,6,1,0
BRDA:28,7,0,0
BRDA:28,7,1,0
BRDA:29,8,0,0
BRDA:29,8,1,0
BRDA:30,9,0,0
BRDA:30,9,1,0
BRDA:32,10,0,0
BRDA:32,10,1,0
BRDA:62,11,0,0
BRDA:62,12,0,0
BRDA:81,13,0,0
BRDA:81,13,1,0
BRDA:93,14,0,0
BRDA:93,14,1,0
BRDA:101,15,0,0
BRDA:101,15,1,0
BRDA:175,16,0,0
BRDA:175,16,1,0
BRDA:186,17,0,0
BRDA:186,17,1,0
BRDA:269,18,0,0
BRDA:269,18,1,0
BRDA:269,18,2,0
BRDA:269,18,3,0
BRDA:269,18,4,0
BRDA:269,18,5,0
BRDA:292,19,0,0
BRDA:292,19,1,0
BRDA:294,20,0,0
BRDA:294,20,1,0
BRDA:296,21,0,0
BRDA:296,21,1,0
BRDA:301,22,0,0
BRDA:301,22,1,0
BRDA:316,23,0,0
BRDA:316,23,1,0
BRDA:316,23,2,0
BRDA:316,23,3,0
BRDA:316,23,4,0
BRDA:316,23,5,0
BRDA:337,24,0,0
BRDA:337,24,1,0
BRDA:339,25,0,0
BRDA:339,25,1,0
BRDA:341,26,0,0
BRDA:341,26,1,0
BRDA:358,27,0,0
BRDA:358,27,1,0
BRDA:369,28,0,0
BRDA:369,28,1,0
BRDA:382,29,0,0
BRDA:382,29,1,0
BRDA:390,30,0,0
BRDA:390,30,1,0
BRF:62
BRH:0
end_of_record
TN:
SF:src/services/session.service.js
FN:6,(anonymous_0)
FN:27,(anonymous_1)
FN:48,(anonymous_2)
FN:58,(anonymous_3)
FN:64,(anonymous_4)
FNF:5
FNH:0
FNDA:0,(anonymous_0)
FNDA:0,(anonymous_1)
FNDA:0,(anonymous_2)
FNDA:0,(anonymous_3)
FNDA:0,(anonymous_4)
DA:7,0
DA:13,0
DA:14,0
DA:16,0
DA:24,0
DA:28,0
DA:32,0
DA:33,0
DA:36,0
DA:37,0
DA:38,0
DA:41,0
DA:45,0
DA:49,0
DA:53,0
DA:54,0
DA:59,0
DA:65,0
DA:70,0
LF:19
LH:0
BRDA:32,0,0,0
BRDA:32,0,1,0
BRDA:36,1,0,0
BRDA:36,1,1,0
BRDA:53,2,0,0
BRDA:53,2,1,0
BRF:6
BRH:0
end_of_record
TN:
SF:src/services/statistics.service.js
FN:7,(anonymous_0)
FN:97,(anonymous_1)
FN:135,(anonymous_2)
FN:140,(anonymous_3)
FNF:4
FNH:0
FNDA:0,(anonymous_0)
FNDA:0,(anonymous_1)
FNDA:0,(anonymous_2)
FNDA:0,(anonymous_3)
DA:12,0
DA:13,0
DA:16,0
DA:23,0
DA:24,0
DA:25,0
DA:28,0
DA:36,0
DA:37,0
DA:38,0
DA:46,0
DA:73,0
DA:75,0
DA:85,0
DA:87,0
DA:90,0
DA:92,0
DA:93,0
DA:98,0
DA:106,0
DA:127,0
DA:136,0
DA:137,0
DA:142,0
DA:143,0
DA:146,0
DA:147,0
DA:156,0
DA:161,0
DA:162,0
DA:165,0
DA:167,0
DA:168,0
LF:33
LH:0
BRDA:9,0,0,0
BRDA:9,1,0,0
BRDA:9,2,0,0
BRDA:9,3,0,0
BRDA:12,4,0,0
BRDA:12,4,1,0
BRDA:23,5,0,0
BRDA:23,5,1,0
BRDA:85,6,0,0
BRDA:85,6,1,0
BRDA:128,7,0,0
BRDA:128,7,1,0
BRDA:129,8,0,0
BRDA:129,8,1,0
BRDA:130,9,0,0
BRDA:130,9,1,0
BRDA:131,10,0,0
BRDA:131,10,1,0
BRDA:136,11,0,0
BRDA:136,11,1,0
BRDA:136,12,0,0
BRDA:136,12,1,0
BRDA:140,13,0,0
BRDA:140,14,0,0
BRDA:140,15,0,0
BRDA:142,16,0,0
BRDA:142,16,1,0
BRDA:156,17,0,0
BRDA:156,17,1,0
BRDA:161,18,0,0
BRDA:161,18,1,0
BRF:31
BRH:0
end_of_record
TN:
SF:src/services/task.service.js
FN:10,(anonymous_0)
FN:20,(anonymous_1)
FN:62,(anonymous_2)
FN:68,(anonymous_3)
FN:126,(anonymous_4)
FN:181,(anonymous_5)
FNF:6
FNH:0
FNDA:0,(anonymous_0)
FNDA:0,(anonymous_1)
FNDA:0,(anonymous_2)
FNDA:0,(anonymous_3)
FNDA:0,(anonymous_4)
FNDA:0,(anonymous_5)
DA:12,0
DA:20,0
DA:22,0
DA:29,0
DA:30,0
DA:34,0
DA:35,0
DA:39,0
DA:40,0
DA:46,0
DA:62,0
DA:69,0
DA:71,0
DA:73,0
DA:74,0
DA:75,0
DA:79,0
DA:80,0
DA:84,0
DA:93,0
DA:94,0
DA:95,0
DA:98,0
DA:102,0
DA:103,0
DA:108,0
DA:118,0
DA:119,0
DA:121,0
DA:122,0
DA:127,0
DA:129,0
DA:131,0
DA:141,0
DA:142,0
DA:146,0
DA:149,0
DA:161,0
DA:168,0
DA:173,0
DA:174,0
DA:176,0
DA:177,0
DA:182,0
DA:193,0
DA:194,0
DA:197,0
LF:47
LH:0
BRDA:10,0,0,0
BRDA:29,1,0,0
BRDA:29,1,1,0
BRDA:34,2,0,0
BRDA:34,2,1,0
BRDA:39,3,0,0
BRDA:39,3,1,0
BRDA:55,4,0,0
BRDA:55,4,1,0
BRDA:56,5,0,0
BRDA:56,5,1,0
BRDA:57,6,0,0
BRDA:57,6,1,0
BRDA:74,7,0,0
BRDA:74,7,1,0
BRDA:79,8,0,0
BRDA:79,8,1,0
BRDA:93,9,0,0
BRDA:93,9,1,0
BRDA:94,10,0,0
BRDA:94,10,1,0
BRDA:94,11,0,0
BRDA:94,11,1,0
BRDA:102,12,0,0
BRDA:102,12,1,0
BRDA:126,13,0,0
BRDA:141,14,0,0
BRDA:141,14,1,0
BRDA:193,15,0,0
BRDA:193,15,1,0
BRF:30
BRH:0
end_of_record
TN:
SF:src/services/user.service.js
FN:6,(anonymous_0)
FN:25,(anonymous_1)
FN:42,(anonymous_2)
FN:58,(anonymous_3)
FN:71,(anonymous_4)
FN:93,(anonymous_5)
FNF:6
FNH:0
FNDA:0,(anonymous_0)
FNDA:0,(anonymous_1)
FNDA:0,(anonymous_2)
FNDA:0,(anonymous_3)
FNDA:0,(anonymous_4)
FNDA:0,(anonymous_5)
DA:7,0
DA:8,0
DA:9,0
DA:12,0
DA:26,0
DA:27,0
DA:28,0
DA:31,0
DA:32,0
DA:43,0
DA:44,0
DA:45,0
DA:48,0
DA:49,0
DA:50,0
DA:53,0
DA:54,0
DA:55,0
DA:59,0
DA:60,0
DA:61,0
DA:64,0
DA:65,0
DA:72,0
DA:73,0
DA:74,0
DA:78,0
DA:94,0
DA:95,0
DA:96,0
DA:99,0
DA:106,0
LF:32
LH:0
BRDA:8,0,0,0
BRDA:8,0,1,0
BRDA:27,1,0,0
BRDA:27,1,1,0
BRDA:44,2,0,0
BRDA:44,2,1,0
BRDA:49,3,0,0
BRDA:49,3,1,0
BRDA:60,4,0,0
BRDA:60,4,1,0
BRDA:73,5,0,0
BRDA:73,5,1,0
BRDA:89,6,0,0
BRDA:89,6,1,0
BRDA:95,7,0,0
BRDA:95,7,1,0
BRF:16
BRH:0
end_of_record
TN:
SF:src/services/payment/crypto.service.js
FN:6,(anonymous_0)
FN:11,(anonymous_1)
FN:33,(anonymous_2)
FN:51,(anonymous_3)
FN:78,(anonymous_4)
FN:108,(anonymous_5)
FNF:6
FNH:0
FNDA:0,(anonymous_0)
FNDA:0,(anonymous_1)
FNDA:0,(anonymous_2)
FNDA:0,(anonymous_3)
FNDA:0,(anonymous_4)
FNDA:0,(anonymous_5)
DA:7,0
DA:8,0
DA:12,0
DA:14,0
DA:17,0
DA:21,0
DA:28,0
DA:29,0
DA:34,0
DA:35,0
DA:36,0
DA:40,0
DA:46,0
DA:47,0
DA:52,0
DA:53,0
DA:54,0
DA:56,0
DA:65,0
DA:66,0
DA:68,0
DA:73,0
DA:74,0
DA:79,0
DA:80,0
DA:84,0
DA:85,0
DA:87,0
DA:96,0
DA:98,0
DA:103,0
DA:104,0
DA:109,0
DA:110,0
DA:111,0
DA:117,0
DA:118,0
LF:37
LH:0
BRDA:11,0,0,0
BRDA:17,1,0,0
BRDA:17,1,1,0
BRDA:33,2,0,0
BRDA:36,3,0,0
BRDA:36,3,1,0
BRDA:78,4,0,0
BRDA:80,5,0,0
BRDA:80,5,1,0
BRDA:112,6,0,0
BRDA:112,6,1,0
BRDA:112,7,0,0
BRDA:112,7,1,0
BRF:13
BRH:0
end_of_record
TN:
SF:src/utils/ApiError.js
FN:2,(anonymous_0)
FNF:1
FNH:0
FNDA:0,(anonymous_0)
DA:3,0
DA:4,0
DA:5,0
DA:6,0
DA:7,0
DA:9,0
LF:6
LH:0
BRDA:2,0,0,0
BRDA:6,1,0,0
BRDA:6,1,1,0
BRF:3
BRH:0
end_of_record
TN:
SF:src/utils/catchAsync.js
FN:1,(anonymous_0)
FN:1,(anonymous_1)
FNF:2
FNH:0
FNDA:0,(anonymous_0)
FNDA:0,(anonymous_1)
DA:1,0
DA:2,0
LF:2
LH:0
BRF:0
BRH:0
end_of_record
TN:
SF:src/utils/notifications.js
FN:3,(anonymous_0)
FN:30,(anonymous_1)
FN:35,(anonymous_2)
FN:40,(anonymous_3)
FN:45,(anonymous_4)
FN:50,(anonymous_5)
FNF:6
FNH:0
FNDA:0,(anonymous_0)
FNDA:0,(anonymous_1)
FNDA:0,(anonymous_2)
FNDA:0,(anonymous_3)
FNDA:0,(anonymous_4)
FNDA:0,(anonymous_5)
DA:3,0
DA:4,0
DA:6,0
DA:8,0
DA:9,0
DA:11,0
DA:12,0
DA:14,0
DA:15,0
DA:17,0
DA:18,0
DA:20,0
DA:21,0
DA:23,0
DA:26,0
DA:30,0
DA:32,0
DA:35,0
DA:37,0
DA:40,0
DA:42,0
DA:45,0
DA:47,0
DA:50,0
DA:52,0
LF:25
LH:0
BRDA:6,0,0,0
BRDA:6,0,1,0
BRDA:6,0,2,0
BRDA:6,0,3,0
BRDA:6,0,4,0
BRDA:6,0,5,0
BRF:6
BRH:0
end_of_record
TN:
SF:src/validators/auth.validator.js
FN:3,(anonymous_0)
FN:17,(anonymous_1)
FNF:2
FNH:0
FNDA:0,(anonymous_0)
FNDA:0,(anonymous_1)
DA:3,0
DA:4,0
DA:13,0
DA:14,0
DA:17,0
DA:18,0
DA:23,0
DA:24,0
LF:8
LH:0
BRDA:14,0,0,0
BRDA:14,0,1,0
BRDA:24,1,0,0
BRDA:24,1,1,0
BRF:4
BRH:0
end_of_record
TN:
SF:src/validators/balance.validator.js
FNF:0
FNH:0
DA:3,0
DA:31,0
LF:2
LH:0
BRF:0
BRH:0
end_of_record
TN:
SF:src/validators/device.validator.js
FNF:0
FNH:0
DA:4,0
DA:25,0
LF:2
LH:0
BRF:0
BRH:0
end_of_record
TN:
SF:src/validators/dispute.validator.js
FNF:0
FNH:0
DA:3,0
DA:27,0
LF:2
LH:0
BRF:0
BRH:0
end_of_record
TN:
SF:src/validators/instagram-account.validator.js
FNF:0
FNH:0
DA:3,0
DA:23,0
LF:2
LH:0
BRF:0
BRH:0
end_of_record
TN:
SF:src/validators/order.validator.js
FNF:0
FNH:0
DA:4,0
DA:25,0
DA:53,0
LF:3
LH:0
BRF:0
BRH:0
end_of_record
TN:
SF:src/validators/task.validator.js
FNF:0
FNH:0
DA:4,0
LF:1
LH:0
BRF:0
BRH:0
end_of_record
TN:
SF:src/validators/user.validator.js
FNF:0
FNH:0
DA:3,0
DA:23,0
DA:35,0
LF:3
LH:0
BRF:0
BRH:0
end_of_record
